<?xml version="1.0" encoding="UTF-8"?>
<!-- Generated by org.testng.reporters.JUnitReportReporter -->
<testsuite hostname="DESKTOP-E7L8GQN" failures="0" tests="1" name="testngPack.ExtentReportor" time="0.005" errors="0" timestamp="2023-10-08T22:29:32 IST" skipped="0">
  <testcase classname="testngPack.ExtentReportor" name="func" time="0.005"/>
  <system-out/>
</testsuite> <!-- testngPack.ExtentReportor -->
