<?xml version="1.0" encoding="UTF-8"?>
<!-- Generated by org.testng.reporters.JUnitReportReporter -->
<testsuite hostname="DESKTOP-E7L8GQN" failures="0" tests="1" name="testngPack.ExtentReportor" time="0.008" errors="0" timestamp="2024-09-22T21:31:52 IST" skipped="0">
  <testcase classname="testngPack.ExtentReportor" name="func" time="0.008"/>
  <system-out/>
</testsuite> <!-- testngPack.ExtentReportor -->
