<?xml version="1.0" encoding="UTF-8"?>
<!-- Generated by org.testng.reporters.JUnitReportReporter -->
<testsuite hostname="DESKTOP-E7L8GQN" failures="0" tests="1" name="selenium.Login_throws" time="39.160" errors="0" timestamp="2023-08-02T08:08:02 IST" skipped="0">
  <testcase classname="selenium.Login_throws" name="main" time="39.160"/>
  <system-out/>
</testsuite> <!-- selenium.Login_throws -->
