<?xml version="1.0" encoding="UTF-8"?>
<!-- Generated by org.testng.reporters.JUnitReportReporter -->
<testsuite hostname="DESKTOP-E7L8GQN" failures="0" tests="1" name="selenium.Login_throws" time="44.816" errors="0" timestamp="2024-10-01T08:01:42 IST" skipped="0">
  <testcase classname="selenium.Login_throws" name="main" time="44.816"/>
  <system-out/>
</testsuite> <!-- selenium.Login_throws -->
