<?xml version="1.0" encoding="UTF-8"?>
<!-- Generated by org.testng.reporters.JUnitReportReporter -->
<testsuite hostname="DESKTOP-E7L8GQN" failures="0" tests="2" name="utils.NewTest" time="0.006" errors="0" timestamp="2023-10-04T08:38:50 IST" skipped="0">
  <testcase classname="utils.NewTest" name="func2" time="0.000"/>
  <system-out/>
  <testcase classname="utils.NewTest" name="func1" time="0.006"/>
  <system-out/>
</testsuite> <!-- utils.NewTest -->
